<?xml version="1.0" encoding="UTF-8"?>
<!--
    Example-JUnit-file from http://help.catchsoftware.com/display/ET/JUnit+Format
-->
<testsuites>
    <testsuite name="JUnitXmlReporter" errors="0" tests="0" failures="0" time="0" timestamp="2013-05-24T10:23:58" />
    <testsuite name="JUnitXmlReporter.constructor" errors="4" skipped="4" tests="16" failures="4" time="0.006" timestamp="2013-05-24T10:23:58">
        <properties>
            <property name="java.vendor" value="Sun Microsystems Inc." />
            <property name="compiler.debug" value="on" />
            <property name="project.jdk.classpath" value="jdk.classpath.1.6" />
        </properties>
        <testcase classname="JUnitXmlReporter" name="Errored and will stay errored" time="0.006">
            <error message="value of getMessage" type="Exception">This might be a stack-trace</error>
        </testcase>
        <testcase classname="JUnitXmlReporter" name="Errored and will fail" time="0.006">
            <failure message="value of getMessage" type="assertEquals">This might be a stack-trace</failure>
        </testcase>
        <testcase classname="JUnitXmlReporter" name="Errored and will be skipped" time="0.006">
            <skipped />
        </testcase>
        <testcase classname="JUnitXmlReporter" name="Errored and will be restored" time="0.006" />
        <testcase classname="JUnitXmlReporter" name="Failed and will error" time="0.006">
            <error message="value of getMessage" type="Exception">This might be a stack-trace</error>
        </testcase>
        <testcase classname="JUnitXmlReporter" name="Failed and will stay failed" time="0.006">
            <failure message="value of getMessage" type="assertEquals">This might be a stack-trace</failure>
        </testcase>
        <testcase classname="JUnitXmlReporter" name="Failed and will be skipped" time="0.006">
            <skipped />
        </testcase>
        <testcase classname="JUnitXmlReporter" name="Failed and will be restored" time="0.006" />
        <testcase classname="JUnitXmlReporter" name="Skipped and will error" time="0.006">
            <error message="value of getMessage" type="Exception">This might be a stack-trace</error>
        </testcase>
        <testcase classname="JUnitXmlReporter" name="Skipped and will fail" time="0.006">
            <failure message="value of getMessage" type="assertEquals">This might be a stack-trace</failure>
        </testcase>
        <testcase classname="JUnitXmlReporter" name="Skipped and will stay skipped" time="0.006">
            <skipped />
        </testcase>
        <testcase classname="JUnitXmlReporter" name="Skipped and will be restored" time="0.006" />
        <testcase classname="JUnitXmlReporter" name="Success and will error" time="0.006">
            <error message="value of getMessage" type="Exception">This might be a stack-trace</error>
        </testcase>
        <testcase classname="JUnitXmlReporter" name="Success and will fail" time="0.006">
            <failure message="value of getMessage" type="assertEquals">This might be a stack-trace</failure>
        </testcase>
        <testcase classname="JUnitXmlReporter" name="Success and will be skipped" time="0.006">
            <skipped />
        </testcase>
        <testcase classname="JUnitXmlReporter" name="Success and will stay success" time="0.006" />
    </testsuite>
</testsuites>